g:\uni\source\matrix tool\gd1m02project\gd1m02project\gd1m02project\debug\vc141.pdb
g:\uni\source\matrix tool\gd1m02project\gd1m02project\gd1m02project\debug\vc141.idb
g:\uni\source\matrix tool\gd1m02project\gd1m02project\gd1m02project\debug\slerp.obj
g:\uni\source\matrix tool\gd1m02project\gd1m02project\gd1m02project\debug\quaternioncalculator.obj
g:\uni\source\matrix tool\gd1m02project\gd1m02project\gd1m02project\debug\matrix.obj
g:\uni\source\matrix tool\gd1m02project\gd1m02project\gd1m02project\debug\main.obj
g:\uni\source\matrix tool\gd1m02project\gd1m02project\gd1m02project\debug\gaussiancalculator.obj
g:\uni\source\matrix tool\gd1m02project\gd1m02project\debug\gd1m02project.exe
g:\uni\source\matrix tool\gd1m02project\gd1m02project\debug\gd1m02project.ilk
g:\uni\source\matrix tool\gd1m02project\gd1m02project\debug\gd1m02project.pdb
g:\uni\source\matrix tool\gd1m02project\gd1m02project\gd1m02project\debug\gd1m02project.res
g:\uni\source\matrix tool\gd1m02project\gd1m02project\gd1m02project\debug\gd1m02project.tlog\cl.command.1.tlog
g:\uni\source\matrix tool\gd1m02project\gd1m02project\gd1m02project\debug\gd1m02project.tlog\cl.read.1.tlog
g:\uni\source\matrix tool\gd1m02project\gd1m02project\gd1m02project\debug\gd1m02project.tlog\cl.write.1.tlog
g:\uni\source\matrix tool\gd1m02project\gd1m02project\gd1m02project\debug\gd1m02project.tlog\link.command.1.tlog
g:\uni\source\matrix tool\gd1m02project\gd1m02project\gd1m02project\debug\gd1m02project.tlog\link.read.1.tlog
g:\uni\source\matrix tool\gd1m02project\gd1m02project\gd1m02project\debug\gd1m02project.tlog\link.write.1.tlog
g:\uni\source\matrix tool\gd1m02project\gd1m02project\gd1m02project\debug\gd1m02project.tlog\rc.command.1.tlog
g:\uni\source\matrix tool\gd1m02project\gd1m02project\gd1m02project\debug\gd1m02project.tlog\rc.read.1.tlog
g:\uni\source\matrix tool\gd1m02project\gd1m02project\gd1m02project\debug\gd1m02project.tlog\rc.write.1.tlog
