g:\uni\source\matrix tool\gd1m02project\gd1m02project\gd1m02project\release\vc141.pdb
g:\uni\source\matrix tool\gd1m02project\gd1m02project\gd1m02project\release\transformationcalculator.obj
g:\uni\source\matrix tool\gd1m02project\gd1m02project\gd1m02project\release\slerp.obj
g:\uni\source\matrix tool\gd1m02project\gd1m02project\gd1m02project\release\quaternioncalculator.obj
g:\uni\source\matrix tool\gd1m02project\gd1m02project\gd1m02project\release\matrix.obj
g:\uni\source\matrix tool\gd1m02project\gd1m02project\gd1m02project\release\main.obj
g:\uni\source\matrix tool\gd1m02project\gd1m02project\gd1m02project\release\gaussiancalculator.obj
g:\uni\source\matrix tool\gd1m02project\gd1m02project\release\gd1m02project.ipdb
g:\uni\source\matrix tool\gd1m02project\gd1m02project\release\gd1m02project.iobj
g:\uni\source\matrix tool\gd1m02project\gd1m02project\release\gd1m02project.exe
g:\uni\source\matrix tool\gd1m02project\gd1m02project\release\gd1m02project.pdb
g:\uni\source\matrix tool\gd1m02project\gd1m02project\gd1m02project\release\gd1m02project.res
g:\uni\source\matrix tool\gd1m02project\gd1m02project\gd1m02project\release\gd1m02project.tlog\cl.command.1.tlog
g:\uni\source\matrix tool\gd1m02project\gd1m02project\gd1m02project\release\gd1m02project.tlog\cl.read.1.tlog
g:\uni\source\matrix tool\gd1m02project\gd1m02project\gd1m02project\release\gd1m02project.tlog\cl.write.1.tlog
g:\uni\source\matrix tool\gd1m02project\gd1m02project\gd1m02project\release\gd1m02project.tlog\gd1m02project.write.1u.tlog
g:\uni\source\matrix tool\gd1m02project\gd1m02project\gd1m02project\release\gd1m02project.tlog\link.command.1.tlog
g:\uni\source\matrix tool\gd1m02project\gd1m02project\gd1m02project\release\gd1m02project.tlog\link.read.1.tlog
g:\uni\source\matrix tool\gd1m02project\gd1m02project\gd1m02project\release\gd1m02project.tlog\link.write.1.tlog
g:\uni\source\matrix tool\gd1m02project\gd1m02project\gd1m02project\release\gd1m02project.tlog\rc.command.1.tlog
g:\uni\source\matrix tool\gd1m02project\gd1m02project\gd1m02project\release\gd1m02project.tlog\rc.read.1.tlog
g:\uni\source\matrix tool\gd1m02project\gd1m02project\gd1m02project\release\gd1m02project.tlog\rc.write.1.tlog
